<?xml version="1.0" encoding="UTF-8"?>
<testsuite name="Contact Page Validation" tests="1" skipped="0" failures="0" errors="0" timestamp="2021-10-26T09:45:49" hostname="MacBook-Pro.local" time="10.179">
  <properties/>
  <testcase name="Validating error messages upon entering invalid data" classname="Contact Page Validation" time="10.179"/>
  <system-out><![CDATA[?[1;34m[INFO][2021-10-26 20:45:49] 
 _____ _____ ____ _____   ____ _____  _    ____ _____ _____ ____  
|_   _| ____/ ___|_   _| / ___|_   _|/ \  |  _ \_   _| ____|  _ \ 
  | | |  _| \___ \ | |   \___ \ | | / _ \ | |_) || | |  _| | | | |
  | | | |___ ___) || |    ___) || |/ ___ \|  _ < | | | |___| |_| |
  |_| |_____|____/ |_|   |____/ |_/_/   \_\_| \_\|_| |_____|____/ 
                                                                  

TEST STARTED: Validating error messages upon entering invalid data
-------------------------------------------------------------------(contact-page-validation;validating-error-messages-upon-entering-invalid-data)
?[m?[1m[DEBUG][2021-10-26 20:45:50] STARTING STEP: Definitions.user_launches_the_jupiter_toys_website - launchHomepage
?[m?[1;34m[INFO][2021-10-26 20:45:50] Instantiating driver
?[m?[1;34m[INFO][2021-10-26 20:45:50] Driver capabilities: Capabilities {acceptInsecureCerts: false, browserName: chrome, goog:chromeOptions: {args: [], extensions: []}, loggingPrefs: org.openqa.selenium.logging..., platform: ANY, version: }
?[mLaunched the home page
?[1m[DEBUG][2021-10-26 20:45:55] STEP DONE: launchHomepage
?[m?[1m[DEBUG][2021-10-26 20:45:55] STARTING STEP: Definitions.user_verifies_home_page_is_displayed - pageIsLoaded
?[m?[1m[DEBUG][2021-10-26 20:45:55] STEP DONE: pageIsLoaded
?[m?[1m[DEBUG][2021-10-26 20:45:56] STARTING STEP: Definitions.user_navigates_to - navigatefromHomepage
?[m?[1m[DEBUG][2021-10-26 20:45:56] STEP DONE: navigatefromHomepage
?[m?[1m[DEBUG][2021-10-26 20:45:56] STARTING STEP: Definitions.user_verifies_shop_page_is_loaded - pageIsLoaded
?[m?[1m[DEBUG][2021-10-26 20:45:56] STEP DONE: pageIsLoaded
?[m?[1m[DEBUG][2021-10-26 20:45:57] STARTING STEP: Definitions.at_shop_page_user_clicks_on_buy_button_times_on_item - selectanItem
?[m?[1m[DEBUG][2021-10-26 20:45:57] STEP DONE: selectanItem
?[m?[1m[DEBUG][2021-10-26 20:45:57] STARTING STEP: Definitions.at_shop_page_user_clicks_on_buy_button_time_on_item - selectanItem
?[m?[1m[DEBUG][2021-10-26 20:45:58] STEP DONE: selectanItem
?[m?[1m[DEBUG][2021-10-26 20:45:58] STARTING STEP: Definitions.at_shop_page_user_clicks_on_cart_menu - clickOnCart
?[m?[1m[DEBUG][2021-10-26 20:45:59] STEP DONE: clickOnCart
?[m?[1m[DEBUG][2021-10-26 20:45:59] STARTING STEP: Definitions.in_the_cart_menu_user_verifies_if_FunnyCow_and_FluffyBunny_items_are_displayed - verifyItemsInCart
?[m?[1m[DEBUG][2021-10-26 20:45:59] STEP DONE: verifyItemsInCart
?[m]]></system-out>
  <system-err><![CDATA[Oct 26, 2021 8:45:50 PM org.openqa.selenium.remote.DesiredCapabilities chrome
INFO: Using `new ChromeOptions()` is preferred to `DesiredCapabilities.chrome()`
Starting ChromeDriver 95.0.4638.17 (a9d0719444d4b035e284ed1fce73bf6ccd789df2-refs/branch-heads/4638@{#178}) on port 47766
Only local connections are allowed.
Please see https://chromedriver.chromium.org/security-considerations for suggestions on keeping ChromeDriver safe.
ChromeDriver was started successfully.
Oct 26, 2021 8:45:52 PM org.openqa.selenium.remote.ProtocolHandshake createSession
INFO: Detected dialect: W3C
]]></system-err>
</testsuite>
